#
# A fatal error has been detected by the Java Runtime Environment:
#
#  EXCEPTION_ACCESS_VIOLATION (0xc0000005) at pc=0x00007ffb415694db, pid=6092, tid=7240
#
# JRE version: Java(TM) SE Runtime Environment (11.0.2+9) (build 11.0.2+9-LTS)
# Java VM: Java HotSpot(TM) 64-Bit Server VM (11.0.2+9-LTS, mixed mode, tiered, compressed oops, g1 gc, windows-amd64)
# Problematic frame:
# V  [jvm.dll+0x6b94db]
#
# No core dump will be written. Minidumps are not enabled by default on client versions of Windows
#
# If you would like to submit a bug report, please visit:
#   http://bugreport.java.com/bugreport/crash.jsp
#

---------------  S U M M A R Y ------------

Command Line: -agentlib:jdwp=transport=dt_socket,suspend=y,address=localhost:62161 -javaagent:C:\eclipse-jee-2018-12-R-win32-x86_64\eclipse\configuration\org.eclipse.osgi\405\0\.cp\lib\javaagent-shaded.jar -Dfile.encoding=Cp1252 Programs.ExerciseElaboartion

Host: Intel(R) Core(TM) i3-7020U CPU @ 2.30GHz, 4 cores, 3G,  Windows 10 , 64 bit Build 17763 (10.0.17763.379)
Time: Wed Apr 10 12:59:41 2019 India Standard Time elapsed time: 1748 seconds (0d 0h 29m 8s)

---------------  T H R E A D  ---------------

Current thread (0x0000021e44153000):  VMThread "VM Thread" [stack: 0x0000006e82d00000,0x0000006e82e00000] [id=7240]

Stack: [0x0000006e82d00000,0x0000006e82e00000],  sp=0x0000006e82dfec90,  free space=1019k
Native frames: (J=compiled Java code, j=interpreted, Vv=VM code, C=native code)
V  [jvm.dll+0x6b94db]
V  [jvm.dll+0x342893]
V  [jvm.dll+0x344819]
V  [jvm.dll+0x34509e]
V  [jvm.dll+0x34253c]
V  [jvm.dll+0x3417e2]
V  [jvm.dll+0x624a05]
V  [jvm.dll+0x62478d]
V  [jvm.dll+0x5ea49a]
V  [jvm.dll+0x5022c7]
V  [jvm.dll+0x77b2cc]
V  [jvm.dll+0x779787]
V  [jvm.dll+0x779fb0]
V  [jvm.dll+0x77a2bf]
V  [jvm.dll+0x6347f2]
C  [ucrtbase.dll+0x21ffa]
C  [KERNEL32.DLL+0x181f4]
C  [ntdll.dll+0x6a251]


siginfo: EXCEPTION_ACCESS_VIOLATION (0xc0000005), reading address 0x0000000000000006


Register to memory mapping:

RIP=0x00007ffb415694db jvm.dll
RAX=0x0000006e82dfed20 points into unknown readable memory: 97 26 56 26 1e 02 00 00
RBX=0x0000006e82dfecf0 points into unknown readable memory: c8 3f 73 41 fb 7f 00 00
RCX=0x0 is NULL
RDX=0x0 is NULL
RSP=0x0000006e82dfec90 points into unknown readable memory: 00 00 00 00 00 00 00 00
RBP=0x0000006e82dff200 points into unknown readable memory: 38 53 12 44 1e 02 00 00
RSI=0x0 is NULL
RDI=0x0 is NULL
R8 =0x0 is NULL
R9 =0x0000021e449c8cf8 is pointing into metadata
R10=0x00007ffb40eb0000 jvm.dll
R11=0x0000021e441250b0 points into unknown readable memory: 00 00 00 47 ff ff ff 2f
R12=0x0000021e44125088 points into unknown readable memory: 00 31 5e 30 25 00 00 00
R13=0x0000000000000078 is an unknown value
R14=0x0000021e449c9091 is pointing into metadata
R15=0x000000000000002d is an unknown value


Registers:
RAX=0x0000006e82dfed20, RBX=0x0000006e82dfecf0, RCX=0x0000000000000000, RDX=0x0000000000000000
RSP=0x0000006e82dfec90, RBP=0x0000006e82dff200, RSI=0x0000000000000000, RDI=0x0000000000000000
R8 =0x0000000000000000, R9 =0x0000021e449c8cf8, R10=0x00007ffb40eb0000, R11=0x0000021e441250b0
R12=0x0000021e44125088, R13=0x0000000000000078, R14=0x0000021e449c9091, R15=0x000000000000002d
RIP=0x00007ffb415694db, EFLAGS=0x0000000000010246

Top of Stack: (sp=0x0000006e82dfec90)
0x0000006e82dfec90:   0000000000000000 00007ffb89310000
0x0000006e82dfeca0:   00007ffb4193fb30 0000000000000000
0x0000006e82dfecb0:   0000000000000000 00007ffb411f2893
0x0000006e82dfecc0:   0000000000000100 0000006e82dff370
0x0000006e82dfecd0:   0000006e82dff1c8 0000000000000100
0x0000006e82dfece0:   0000000000000006 0000000000000002
0x0000006e82dfecf0:   00007ffb41733fc8 0000000000000000
0x0000006e82dfed00:   0000000000000000 00007ffb416ed948
0x0000006e82dfed10:   0000006e82dfed20 0000021e00000000
0x0000006e82dfed20:   0000021e26562697 0000000000000100
0x0000006e82dfed30:   0000000000000037 0000000000000001
0x0000006e82dfed40:   0000000000000005 00007ffb893fa0b0
0x0000006e82dfed50:   0000021e26452c40 00007ffb893fa000
0x0000006e82dfed60:   0000000000000006 0000006e82dfed48
0x0000006e82dfed70:   0000000000000000 00007ffb416ed94b
0x0000006e82dfed80:   0000006e82dff328 0000000700000037 

Instructions: (pc=0x00007ffb415694db)
0x00007ffb415694bb:   cc cc cc cc cc 40 53 48 83 ec 20 c7 41 10 00 00
0x00007ffb415694cb:   00 00 48 8b d9 48 89 7c 24 38 48 8b 79 08 33 c9
0x00007ffb415694db:   80 7f 06 28 74 26 44 8d 49 28 8d 51 35 48 8d 0d
0x00007ffb415694eb:   f1 8f 21 00 4c 8d 05 da 8f 21 00 e8 35 4c ba ff 


Stack slot to memory mapping:
stack at sp + 0 slots: 0x0 is NULL
stack at sp + 1 slots: 0x00007ffb89310000 ucrtbase.dll
stack at sp + 2 slots: 0x00007ffb4193fb30 jvm.dll
stack at sp + 3 slots: 0x0 is NULL
stack at sp + 4 slots: 0x0 is NULL
stack at sp + 5 slots: 0x00007ffb411f2893 jvm.dll
stack at sp + 6 slots: 0x0000000000000100 is an unknown value
stack at sp + 7 slots: 0x0000006e82dff370 points into unknown readable memory: 48 1b 77 41 fb 7f 00 00

VM_Operation (0x0000006e836ff0d0): GetOrSetLocal, mode: safepoint, requested by thread 0x0000021e44e83800


---------------  P R O C E S S  ---------------

Threads class SMR info:
_java_thread_list=0x0000021e44dd37f0, length=13, elements={
0x0000021e26569800, 0x0000021e4417b800, 0x0000021e44185000, 0x0000021e441eb800,
0x0000021e441ed000, 0x0000021e44195000, 0x0000021e441f0800, 0x0000021e441fa000,
0x0000021e26628000, 0x0000021e44e83800, 0x0000021e44e41000, 0x0000021e44d84800,
0x0000021e44e06800
}

Java Threads: ( => current thread )
  0x0000021e26569800 JavaThread "main" [_thread_blocked, id=12212, stack(0x0000006e82700000,0x0000006e82800000)]
  0x0000021e4417b800 JavaThread "Reference Handler" daemon [_thread_blocked, id=11692, stack(0x0000006e82e00000,0x0000006e82f00000)]
  0x0000021e44185000 JavaThread "Finalizer" daemon [_thread_blocked, id=1272, stack(0x0000006e82f00000,0x0000006e83000000)]
  0x0000021e441eb800 JavaThread "Signal Dispatcher" daemon [_thread_blocked, id=10088, stack(0x0000006e83000000,0x0000006e83100000)]
  0x0000021e441ed000 JavaThread "Attach Listener" daemon [_thread_blocked, id=5848, stack(0x0000006e83100000,0x0000006e83200000)]
  0x0000021e44195000 JavaThread "C2 CompilerThread0" daemon [_thread_blocked, id=9296, stack(0x0000006e83200000,0x0000006e83300000)]
  0x0000021e441f0800 JavaThread "C1 CompilerThread0" daemon [_thread_blocked, id=9184, stack(0x0000006e83300000,0x0000006e83400000)]
  0x0000021e441fa000 JavaThread "Sweeper thread" daemon [_thread_blocked, id=5356, stack(0x0000006e83400000,0x0000006e83500000)]
  0x0000021e26628000 JavaThread "Common-Cleaner" daemon [_thread_blocked, id=7816, stack(0x0000006e83500000,0x0000006e83600000)]
  0x0000021e44e83800 JavaThread "JDWP Transport Listener: dt_socket" daemon [_thread_blocked, id=11696, stack(0x0000006e83600000,0x0000006e83700000)] _threads_hazard_ptr=0x0000021e44dd37f0
  0x0000021e44e41000 JavaThread "JDWP Event Helper Thread" daemon [_thread_blocked, id=6312, stack(0x0000006e83700000,0x0000006e83800000)]
  0x0000021e44d84800 JavaThread "JDWP Command Reader" daemon [_thread_in_native, id=11568, stack(0x0000006e83800000,0x0000006e83900000)]
  0x0000021e44e06800 JavaThread "Service Thread" daemon [_thread_blocked, id=10408, stack(0x0000006e83900000,0x0000006e83a00000)]

Other Threads:
=>0x0000021e44153000 VMThread "VM Thread" [stack: 0x0000006e82d00000,0x0000006e82e00000] [id=7240]
  0x0000021e44de4000 WatcherThread [stack: 0x0000006e83a00000,0x0000006e83b00000] [id=4032]
  0x0000021e2657f800 GCTaskThread "GC Thread#0" [stack: 0x0000006e82800000,0x0000006e82900000] [id=10948]
  0x0000021e2659d800 ConcurrentGCThread "G1 Main Marker" [stack: 0x0000006e82900000,0x0000006e82a00000] [id=10388]
  0x0000021e2659e800 ConcurrentGCThread "G1 Conc#0" [stack: 0x0000006e82a00000,0x0000006e82b00000] [id=3420]
  0x0000021e265fa000 ConcurrentGCThread "G1 Refine#0" [stack: 0x0000006e82b00000,0x0000006e82c00000] [id=9872]
  0x0000021e265fd000 ConcurrentGCThread "G1 Young RemSet Sampling" [stack: 0x0000006e82c00000,0x0000006e82d00000] [id=8684]

Threads with active compile tasks:

VM state:at safepoint (normal execution)

VM Mutex/Monitor currently owned by a thread:  ([mutex/lock_event])
[0x0000021e26567450] Threads_lock - owner thread: 0x0000021e44153000

Heap address: 0x00000000c1c00000, size: 996 MB, Compressed Oops mode: 32-bit
Narrow klass base: 0x0000000000000000, Narrow klass shift: 3
Compressed class space size: 1073741824 Address: 0x0000000100000000

Heap:
 garbage-first heap   total 65536K, used 4096K [0x00000000c1c00000, 0x0000000100000000)
  region size 1024K, 5 young (5120K), 0 survivors (0K)
 Metaspace       used 8829K, capacity 8930K, committed 9088K, reserved 1056768K
  class space    used 774K, capacity 802K, committed 896K, reserved 1048576K
Heap Regions: E=young(eden), S=young(survivor), O=old, HS=humongous(starts), HC=humongous(continues), CS=collection set, F=free, A=archive, TAMS=top-at-mark-start (previous, next)
|   0|0x00000000c1c00000, 0x00000000c1c00000, 0x00000000c1d00000|  0%| F|  |TAMS 0x00000000c1c00000, 0x00000000c1c00000| Untracked 
|   1|0x00000000c1d00000, 0x00000000c1d00000, 0x00000000c1e00000|  0%| F|  |TAMS 0x00000000c1d00000, 0x00000000c1d00000| Untracked 
|   2|0x00000000c1e00000, 0x00000000c1e00000, 0x00000000c1f00000|  0%| F|  |TAMS 0x00000000c1e00000, 0x00000000c1e00000| Untracked 
|   3|0x00000000c1f00000, 0x00000000c1f00000, 0x00000000c2000000|  0%| F|  |TAMS 0x00000000c1f00000, 0x00000000c1f00000| Untracked 
|   4|0x00000000c2000000, 0x00000000c2000000, 0x00000000c2100000|  0%| F|  |TAMS 0x00000000c2000000, 0x00000000c2000000| Untracked 
|   5|0x00000000c2100000, 0x00000000c2100000, 0x00000000c2200000|  0%| F|  |TAMS 0x00000000c2100000, 0x00000000c2100000| Untracked 
|   6|0x00000000c2200000, 0x00000000c2200000, 0x00000000c2300000|  0%| F|  |TAMS 0x00000000c2200000, 0x00000000c2200000| Untracked 
|   7|0x00000000c2300000, 0x00000000c2300000, 0x00000000c2400000|  0%| F|  |TAMS 0x00000000c2300000, 0x00000000c2300000| Untracked 
|   8|0x00000000c2400000, 0x00000000c2400000, 0x00000000c2500000|  0%| F|  |TAMS 0x00000000c2400000, 0x00000000c2400000| Untracked 
|   9|0x00000000c2500000, 0x00000000c2500000, 0x00000000c2600000|  0%| F|  |TAMS 0x00000000c2500000, 0x00000000c2500000| Untracked 
|  10|0x00000000c2600000, 0x00000000c2600000, 0x00000000c2700000|  0%| F|  |TAMS 0x00000000c2600000, 0x00000000c2600000| Untracked 
|  11|0x00000000c2700000, 0x00000000c2700000, 0x00000000c2800000|  0%| F|  |TAMS 0x00000000c2700000, 0x00000000c2700000| Untracked 
|  12|0x00000000c2800000, 0x00000000c2800000, 0x00000000c2900000|  0%| F|  |TAMS 0x00000000c2800000, 0x00000000c2800000| Untracked 
|  13|0x00000000c2900000, 0x00000000c2900000, 0x00000000c2a00000|  0%| F|  |TAMS 0x00000000c2900000, 0x00000000c2900000| Untracked 
|  14|0x00000000c2a00000, 0x00000000c2a00000, 0x00000000c2b00000|  0%| F|  |TAMS 0x00000000c2a00000, 0x00000000c2a00000| Untracked 
|  15|0x00000000c2b00000, 0x00000000c2b00000, 0x00000000c2c00000|  0%| F|  |TAMS 0x00000000c2b00000, 0x00000000c2b00000| Untracked 
|  16|0x00000000c2c00000, 0x00000000c2c00000, 0x00000000c2d00000|  0%| F|  |TAMS 0x00000000c2c00000, 0x00000000c2c00000| Untracked 
|  17|0x00000000c2d00000, 0x00000000c2d00000, 0x00000000c2e00000|  0%| F|  |TAMS 0x00000000c2d00000, 0x00000000c2d00000| Untracked 
|  18|0x00000000c2e00000, 0x00000000c2e00000, 0x00000000c2f00000|  0%| F|  |TAMS 0x00000000c2e00000, 0x00000000c2e00000| Untracked 
|  19|0x00000000c2f00000, 0x00000000c2f00000, 0x00000000c3000000|  0%| F|  |TAMS 0x00000000c2f00000, 0x00000000c2f00000| Untracked 
|  20|0x00000000c3000000, 0x00000000c3000000, 0x00000000c3100000|  0%| F|  |TAMS 0x00000000c3000000, 0x00000000c3000000| Untracked 
|  21|0x00000000c3100000, 0x00000000c3100000, 0x00000000c3200000|  0%| F|  |TAMS 0x00000000c3100000, 0x00000000c3100000| Untracked 
|  22|0x00000000c3200000, 0x00000000c3200000, 0x00000000c3300000|  0%| F|  |TAMS 0x00000000c3200000, 0x00000000c3200000| Untracked 
|  23|0x00000000c3300000, 0x00000000c3300000, 0x00000000c3400000|  0%| F|  |TAMS 0x00000000c3300000, 0x00000000c3300000| Untracked 
|  24|0x00000000c3400000, 0x00000000c3400000, 0x00000000c3500000|  0%| F|  |TAMS 0x00000000c3400000, 0x00000000c3400000| Untracked 
|  25|0x00000000c3500000, 0x00000000c3500000, 0x00000000c3600000|  0%| F|  |TAMS 0x00000000c3500000, 0x00000000c3500000| Untracked 
|  26|0x00000000c3600000, 0x00000000c3600000, 0x00000000c3700000|  0%| F|  |TAMS 0x00000000c3600000, 0x00000000c3600000| Untracked 
|  27|0x00000000c3700000, 0x00000000c3700000, 0x00000000c3800000|  0%| F|  |TAMS 0x00000000c3700000, 0x00000000c3700000| Untracked 
|  28|0x00000000c3800000, 0x00000000c3800000, 0x00000000c3900000|  0%| F|  |TAMS 0x00000000c3800000, 0x00000000c3800000| Untracked 
|  29|0x00000000c3900000, 0x00000000c3900000, 0x00000000c3a00000|  0%| F|  |TAMS 0x00000000c3900000, 0x00000000c3900000| Untracked 
|  30|0x00000000c3a00000, 0x00000000c3a00000, 0x00000000c3b00000|  0%| F|  |TAMS 0x00000000c3a00000, 0x00000000c3a00000| Untracked 
|  31|0x00000000c3b00000, 0x00000000c3b00000, 0x00000000c3c00000|  0%| F|  |TAMS 0x00000000c3b00000, 0x00000000c3b00000| Untracked 
|  32|0x00000000c3c00000, 0x00000000c3c00000, 0x00000000c3d00000|  0%| F|  |TAMS 0x00000000c3c00000, 0x00000000c3c00000| Untracked 
|  33|0x00000000c3d00000, 0x00000000c3d00000, 0x00000000c3e00000|  0%| F|  |TAMS 0x00000000c3d00000, 0x00000000c3d00000| Untracked 
|  34|0x00000000c3e00000, 0x00000000c3e00000, 0x00000000c3f00000|  0%| F|  |TAMS 0x00000000c3e00000, 0x00000000c3e00000| Untracked 
|  35|0x00000000c3f00000, 0x00000000c3f00000, 0x00000000c4000000|  0%| F|  |TAMS 0x00000000c3f00000, 0x00000000c3f00000| Untracked 
|  36|0x00000000c4000000, 0x00000000c4000000, 0x00000000c4100000|  0%| F|  |TAMS 0x00000000c4000000, 0x00000000c4000000| Untracked 
|  37|0x00000000c4100000, 0x00000000c4100000, 0x00000000c4200000|  0%| F|  |TAMS 0x00000000c4100000, 0x00000000c4100000| Untracked 
|  38|0x00000000c4200000, 0x00000000c4200000, 0x00000000c4300000|  0%| F|  |TAMS 0x00000000c4200000, 0x00000000c4200000| Untracked 
|  39|0x00000000c4300000, 0x00000000c4300000, 0x00000000c4400000|  0%| F|  |TAMS 0x00000000c4300000, 0x00000000c4300000| Untracked 
|  40|0x00000000c4400000, 0x00000000c4400000, 0x00000000c4500000|  0%| F|  |TAMS 0x00000000c4400000, 0x00000000c4400000| Untracked 
|  41|0x00000000c4500000, 0x00000000c4500000, 0x00000000c4600000|  0%| F|  |TAMS 0x00000000c4500000, 0x00000000c4500000| Untracked 
|  42|0x00000000c4600000, 0x00000000c4600000, 0x00000000c4700000|  0%| F|  |TAMS 0x00000000c4600000, 0x00000000c4600000| Untracked 
|  43|0x00000000c4700000, 0x00000000c4700000, 0x00000000c4800000|  0%| F|  |TAMS 0x00000000c4700000, 0x00000000c4700000| Untracked 
|  44|0x00000000c4800000, 0x00000000c4800000, 0x00000000c4900000|  0%| F|  |TAMS 0x00000000c4800000, 0x00000000c4800000| Untracked 
|  45|0x00000000c4900000, 0x00000000c4900000, 0x00000000c4a00000|  0%| F|  |TAMS 0x00000000c4900000, 0x00000000c4900000| Untracked 
|  46|0x00000000c4a00000, 0x00000000c4a00000, 0x00000000c4b00000|  0%| F|  |TAMS 0x00000000c4a00000, 0x00000000c4a00000| Untracked 
|  47|0x00000000c4b00000, 0x00000000c4b00000, 0x00000000c4c00000|  0%| F|  |TAMS 0x00000000c4b00000, 0x00000000c4b00000| Untracked 
|  48|0x00000000c4c00000, 0x00000000c4c00000, 0x00000000c4d00000|  0%| F|  |TAMS 0x00000000c4c00000, 0x00000000c4c00000| Untracked 
|  49|0x00000000c4d00000, 0x00000000c4d00000, 0x00000000c4e00000|  0%| F|  |TAMS 0x00000000c4d00000, 0x00000000c4d00000| Untracked 
|  50|0x00000000c4e00000, 0x00000000c4e00000, 0x00000000c4f00000|  0%| F|  |TAMS 0x00000000c4e00000, 0x00000000c4e00000| Untracked 
|  51|0x00000000c4f00000, 0x00000000c4f00000, 0x00000000c5000000|  0%| F|  |TAMS 0x00000000c4f00000, 0x00000000c4f00000| Untracked 
|  52|0x00000000c5000000, 0x00000000c5000000, 0x00000000c5100000|  0%| F|  |TAMS 0x00000000c5000000, 0x00000000c5000000| Untracked 
|  53|0x00000000c5100000, 0x00000000c5100000, 0x00000000c5200000|  0%| F|  |TAMS 0x00000000c5100000, 0x00000000c5100000| Untracked 
|  54|0x00000000c5200000, 0x00000000c5200000, 0x00000000c5300000|  0%| F|  |TAMS 0x00000000c5200000, 0x00000000c5200000| Untracked 
|  55|0x00000000c5300000, 0x00000000c5300000, 0x00000000c5400000|  0%| F|  |TAMS 0x00000000c5300000, 0x00000000c5300000| Untracked 
|  56|0x00000000c5400000, 0x00000000c5400000, 0x00000000c5500000|  0%| F|  |TAMS 0x00000000c5400000, 0x00000000c5400000| Untracked 
|  57|0x00000000c5500000, 0x00000000c5500000, 0x00000000c5600000|  0%| F|  |TAMS 0x00000000c5500000, 0x00000000c5500000| Untracked 
|  58|0x00000000c5600000, 0x00000000c5600000, 0x00000000c5700000|  0%| F|  |TAMS 0x00000000c5600000, 0x00000000c5600000| Untracked 
|  59|0x00000000c5700000, 0x00000000c57d7b48, 0x00000000c5800000| 84%| E|  |TAMS 0x00000000c5700000, 0x00000000c5700000| Complete 
|  60|0x00000000c5800000, 0x00000000c5900000, 0x00000000c5900000|100%| E|CS|TAMS 0x00000000c5800000, 0x00000000c5800000| Complete 
|  61|0x00000000c5900000, 0x00000000c5a00000, 0x00000000c5a00000|100%| E|CS|TAMS 0x00000000c5900000, 0x00000000c5900000| Complete 
|  62|0x00000000c5a00000, 0x00000000c5b00000, 0x00000000c5b00000|100%| E|CS|TAMS 0x00000000c5a00000, 0x00000000c5a00000| Complete 
|  63|0x00000000c5b00000, 0x00000000c5c00000, 0x00000000c5c00000|100%| E|CS|TAMS 0x00000000c5b00000, 0x00000000c5b00000| Complete 

Card table byte_map: [0x0000021e3f870000,0x0000021e3fa70000] _byte_map_base: 0x0000021e3f262000

Marking Bits (Prev, Next): (CMBitMap*) 0x0000021e265989c8, (CMBitMap*) 0x0000021e26598a00
 Prev Bits: [0x0000021e3fc70000, 0x0000021e40c00000)
 Next Bits: [0x0000021e40c00000, 0x0000021e41b90000)

Polling page: 0x0000021e26400000

Metaspace:

Usage:
  Non-class:      7.94 MB capacity,     7.87 MB (>99%) used,    67.19 KB ( <1%) free+waste,     6.44 KB ( <1%) overhead. 
      Class:    802.00 KB capacity,   774.73 KB ( 97%) used,    24.84 KB (  3%) free+waste,     2.44 KB ( <1%) overhead. 
       Both:      8.72 MB capacity,     8.62 MB ( 99%) used,    92.02 KB (  1%) free+waste,     8.88 KB ( <1%) overhead. 

Virtual space:
  Non-class space:        8.00 MB reserved,       8.00 MB (100%) committed 
      Class space:        1.00 GB reserved,     896.00 KB ( <1%) committed 
             Both:        1.01 GB reserved,       8.88 MB ( <1%) committed 

Chunk freelists:
   Non-Class:  0 bytes
       Class:  3.75 KB
        Both:  3.75 KB

CodeHeap 'non-profiled nmethods': size=120064Kb used=116Kb max_used=116Kb free=119947Kb
 bounds [0x0000021e37b10000, 0x0000021e37d80000, 0x0000021e3f050000]
CodeHeap 'profiled nmethods': size=120000Kb used=582Kb max_used=582Kb free=119417Kb
 bounds [0x0000021e305e0000, 0x0000021e30850000, 0x0000021e37b10000]
CodeHeap 'non-nmethods': size=5696Kb used=1146Kb max_used=1160Kb free=4549Kb
 bounds [0x0000021e30050000, 0x0000021e302c0000, 0x0000021e305e0000]
 total_blobs=873 nmethods=408 adapters=276
 compilation: enabled
              stopped_count=0, restarted_count=0
 full_count=0

Compilation events (10 events):
Event: 1479.149 Thread 0x0000021e441f0800  404       3       org.eclipse.jdt.launching.internal.org.objectweb.asm.Label::accept (65 bytes)
Event: 1479.153 Thread 0x0000021e441f0800 nmethod 404 0x0000021e3066ec10 code [0x0000021e3066ee00, 0x0000021e3066f390]
Event: 1500.337 Thread 0x0000021e441f0800  405       3       org.eclipse.jdt.launching.internal.org.objectweb.asm.Label::addLineNumber (89 bytes)
Event: 1500.341 Thread 0x0000021e441f0800 nmethod 405 0x0000021e3066f590 code [0x0000021e3066f780, 0x0000021e3066fcf0]
Event: 1500.342 Thread 0x0000021e441f0800  406       3       org.eclipse.jdt.launching.internal.org.objectweb.asm.MethodWriter::visitLineNumber (50 bytes)
Event: 1500.342 Thread 0x0000021e441f0800 nmethod 406 0x0000021e3066fe90 code [0x0000021e30670080, 0x0000021e30670580]
Event: 1500.342 Thread 0x0000021e441f0800  407       3       org.eclipse.jdt.launching.internal.org.objectweb.asm.ClassReader::readClass (7 bytes)
Event: 1500.343 Thread 0x0000021e441f0800 nmethod 407 0x0000021e30670790 code [0x0000021e30670980, 0x0000021e30670e50]
Event: 1637.080 Thread 0x0000021e441f0800  408       3       org.eclipse.jdt.launching.internal.org.objectweb.asm.ClassReader::readLabel (20 bytes)
Event: 1637.086 Thread 0x0000021e441f0800 nmethod 408 0x0000021e30671110 code [0x0000021e306712e0, 0x0000021e30671778]

GC Heap History (0 events):
No events

Deoptimization events (2 events):
Event: 0.408 Thread 0x0000021e26569800 Uncommon trap: reason=unstable_if action=reinterpret pc=0x0000021e37b1ddd0 method=java.util.HashMap.putVal(ILjava/lang/Object;Ljava/lang/Object;ZZ)Ljava/lang/Object; @ 69 c2
Event: 0.498 Thread 0x0000021e26569800 Uncommon trap: reason=unstable_if action=reinterpret pc=0x0000021e37b1ebf8 method=java.lang.String.isLatin1()Z @ 10 c2

Classes redefined (10 events):
Event: 1352.647 Thread 0x0000021e44153000 redefined class name=Programs.ExerciseElaboartion, count=18
Event: 1364.162 Thread 0x0000021e44153000 redefined class name=Programs.ExerciseElaboartion, count=19
Event: 1367.274 Thread 0x0000021e44153000 redefined class name=Programs.ExerciseElaboartion, count=20
Event: 1434.817 Thread 0x0000021e44153000 redefined class name=Programs.ExerciseElaboartion, count=21
Event: 1479.152 Thread 0x0000021e44153000 redefined class name=Programs.ExerciseElaboartion, count=22
Event: 1500.340 Thread 0x0000021e44153000 redefined class name=Programs.ExerciseElaboartion, count=23
Event: 1514.694 Thread 0x0000021e44153000 redefined class name=Programs.ExerciseElaboartion, count=24
Event: 1637.083 Thread 0x0000021e44153000 redefined class name=Programs.ExerciseElaboartion, count=25
Event: 1654.159 Thread 0x0000021e44153000 redefined class name=Programs.ExerciseElaboartion, count=26
Event: 1731.541 Thread 0x0000021e44153000 redefined class name=Programs.ExerciseElaboartion, count=27

Internal exceptions (0 events):
No events

Events (10 events):
Event: 1748.221 Executing VM operation: GetCurrentContendedMonitor done
Event: 1748.221 Executing VM operation: GetOwnedMonitorInfo
Event: 1748.221 Executing VM operation: GetOwnedMonitorInfo done
Event: 1748.226 Executing VM operation: GetFrameCount
Event: 1748.226 Executing VM operation: GetFrameCount done
Event: 1748.227 Executing VM operation: GetOwnedMonitorInfo
Event: 1748.227 Executing VM operation: GetOwnedMonitorInfo done
Event: 1748.228 Executing VM operation: GetCurrentContendedMonitor
Event: 1748.228 Executing VM operation: GetCurrentContendedMonitor done
Event: 1748.285 Executing VM operation: GetOrSetLocal


Dynamic libraries:
0x00007ff70ba80000 - 0x00007ff70bac7000 	C:\Program Files\Java\jdk-11.0.2\bin\javaw.exe
0x00007ffb8d240000 - 0x00007ffb8d42d000 	C:\Windows\SYSTEM32\ntdll.dll
0x00007ffb8cc50000 - 0x00007ffb8cd03000 	C:\Windows\System32\KERNEL32.DLL
0x00007ffb89650000 - 0x00007ffb898e3000 	C:\Windows\System32\KERNELBASE.dll
0x00007ffb8cba0000 - 0x00007ffb8cc43000 	C:\Windows\System32\ADVAPI32.dll
0x00007ffb8c610000 - 0x00007ffb8c6ae000 	C:\Windows\System32\msvcrt.dll
0x00007ffb8c380000 - 0x00007ffb8c41e000 	C:\Windows\System32\sechost.dll
0x00007ffb8c420000 - 0x00007ffb8c542000 	C:\Windows\System32\RPCRT4.dll
0x00007ffb8be90000 - 0x00007ffb8c027000 	C:\Windows\System32\USER32.dll
0x00007ffb89b80000 - 0x00007ffb89ba0000 	C:\Windows\System32\win32u.dll
0x00007ffb8a8c0000 - 0x00007ffb8a8e9000 	C:\Windows\System32\GDI32.dll
0x00007ffb89410000 - 0x00007ffb895aa000 	C:\Windows\System32\gdi32full.dll
0x00007ffb895b0000 - 0x00007ffb89650000 	C:\Windows\System32\msvcp_win.dll
0x00007ffb89310000 - 0x00007ffb8940a000 	C:\Windows\System32\ucrtbase.dll
0x00007ffb811b0000 - 0x00007ffb81429000 	C:\Windows\WinSxS\amd64_microsoft.windows.common-controls_6595b64144ccf1df_6.0.17763.379_none_05b83be8071c94a1\COMCTL32.dll
0x00007ffb84170000 - 0x00007ffb8417a000 	C:\Windows\SYSTEM32\VERSION.dll
0x00007ffb8a480000 - 0x00007ffb8a7ad000 	C:\Windows\System32\combase.dll
0x00007ffb898f0000 - 0x00007ffb8996e000 	C:\Windows\System32\bcryptPrimitives.dll
0x00007ffb8a890000 - 0x00007ffb8a8be000 	C:\Windows\System32\IMM32.DLL
0x00007ffb82b20000 - 0x00007ffb82b36000 	C:\Program Files\Java\jdk-11.0.2\bin\vcruntime140.dll
0x00007ffb76530000 - 0x00007ffb765da000 	C:\Program Files\Java\jdk-11.0.2\bin\msvcp140.dll
0x00007ffb40eb0000 - 0x00007ffb419d7000 	C:\Program Files\Java\jdk-11.0.2\bin\server\jvm.dll
0x00007ffb8cd90000 - 0x00007ffb8cd98000 	C:\Windows\System32\PSAPI.DLL
0x00007ffb86920000 - 0x00007ffb86944000 	C:\Windows\SYSTEM32\WINMM.dll
0x00007ffb869d0000 - 0x00007ffb869d9000 	C:\Windows\SYSTEM32\WSOCK32.dll
0x00007ffb868f0000 - 0x00007ffb8691d000 	C:\Windows\SYSTEM32\WINMMBASE.dll
0x00007ffb8cb30000 - 0x00007ffb8cb9d000 	C:\Windows\System32\WS2_32.dll
0x00007ffb89cd0000 - 0x00007ffb89d1a000 	C:\Windows\System32\cfgmgr32.dll
0x00007ffb892a0000 - 0x00007ffb892b1000 	C:\Windows\System32\kernel.appcore.dll
0x00007ffb7fad0000 - 0x00007ffb7fae1000 	C:\Program Files\Java\jdk-11.0.2\bin\verify.dll
0x00007ffb87c40000 - 0x00007ffb87e2d000 	C:\Windows\SYSTEM32\DBGHELP.DLL
0x00007ffb79970000 - 0x00007ffb7999a000 	C:\Windows\SYSTEM32\dbgcore.DLL
0x00007ffb7f2f0000 - 0x00007ffb7f319000 	C:\Program Files\Java\jdk-11.0.2\bin\java.dll
0x00007ffb76880000 - 0x00007ffb768b7000 	C:\Program Files\Java\jdk-11.0.2\bin\jdwp.dll
0x00007ffb869e0000 - 0x00007ffb86a0f000 	C:\Program Files\Java\jdk-11.0.2\bin\instrument.dll
0x00007ffb7f2d0000 - 0x00007ffb7f2e6000 	C:\Program Files\Java\jdk-11.0.2\bin\zip.dll
0x00007ffb82b60000 - 0x00007ffb82b6a000 	C:\Program Files\Java\jdk-11.0.2\bin\jimage.dll
0x00007ffb8a8f0000 - 0x00007ffb8bde0000 	C:\Windows\System32\SHELL32.dll
0x00007ffb8bde0000 - 0x00007ffb8be88000 	C:\Windows\System32\shcore.dll
0x00007ffb89d20000 - 0x00007ffb8a46a000 	C:\Windows\System32\windows.storage.dll
0x00007ffb892e0000 - 0x00007ffb89304000 	C:\Windows\System32\profapi.dll
0x00007ffb89240000 - 0x00007ffb8929d000 	C:\Windows\System32\powrprof.dll
0x00007ffb8c2c0000 - 0x00007ffb8c312000 	C:\Windows\System32\shlwapi.dll
0x00007ffb89cb0000 - 0x00007ffb89cc7000 	C:\Windows\System32\cryptsp.dll
0x00007ffb86950000 - 0x00007ffb8695a000 	C:\Program Files\Java\jdk-11.0.2\bin\dt_socket.dll
0x00007ffb88ac0000 - 0x00007ffb88b27000 	C:\Windows\System32\mswsock.dll
0x00007ffb88860000 - 0x00007ffb88926000 	C:\Windows\SYSTEM32\DNSAPI.dll
0x00007ffb8a880000 - 0x00007ffb8a888000 	C:\Windows\System32\NSI.dll
0x00007ffb88820000 - 0x00007ffb8885d000 	C:\Windows\SYSTEM32\IPHLPAPI.DLL
0x0000000063b60000 - 0x0000000063b86000 	C:\Program Files\Bonjour\mdnsNSP.dll
0x00007ffb7d1c0000 - 0x00007ffb7d239000 	C:\Windows\System32\fwpuclnt.dll
0x00007ffb89b50000 - 0x00007ffb89b76000 	C:\Windows\System32\bcrypt.dll
0x00007ffb7ceb0000 - 0x00007ffb7ceba000 	C:\Windows\System32\rasadhlp.dll
0x00007ffb7f280000 - 0x00007ffb7f299000 	C:\Program Files\Java\jdk-11.0.2\bin\net.dll
0x00007ffb7cfc0000 - 0x00007ffb7d0b1000 	C:\Windows\SYSTEM32\WINHTTP.dll
0x00007ffb7c050000 - 0x00007ffb7c226000 	C:\Windows\SYSTEM32\urlmon.dll
0x00007ffb778b0000 - 0x00007ffb77b58000 	C:\Windows\SYSTEM32\iertutil.dll
0x00007ffb88c90000 - 0x00007ffb88c9c000 	C:\Windows\SYSTEM32\CRYPTBASE.DLL
0x00007ffb768e0000 - 0x00007ffb768f3000 	C:\Program Files\Java\jdk-11.0.2\bin\nio.dll

dbghelp: loaded successfully - version: 4.0.5 - missing functions: none
symbol engine: initialized successfully - sym options: 0x614 - pdb path: .;C:\Program Files\Java\jdk-11.0.2\bin;C:\Windows\SYSTEM32;C:\Windows\WinSxS\amd64_microsoft.windows.common-controls_6595b64144ccf1df_6.0.17763.379_none_05b83be8071c94a1;C:\Program Files\Java\jdk-11.0.2\bin\server;C:\Program Files\Bonjour

VM Arguments:
jvm_args: -agentlib:jdwp=transport=dt_socket,suspend=y,address=localhost:62161 -javaagent:C:\eclipse-jee-2018-12-R-win32-x86_64\eclipse\configuration\org.eclipse.osgi\405\0\.cp\lib\javaagent-shaded.jar -Dfile.encoding=Cp1252 
java_command: Programs.ExerciseElaboartion
java_class_path (initial): E:\test\SampleWS\test\CS\bin
Launcher Type: SUN_STANDARD

[Global flags]
     intx CICompilerCount                          = 3                                         {product} {ergonomic}
     uint ConcGCThreads                            = 1                                         {product} {ergonomic}
     uint G1ConcRefinementThreads                  = 4                                         {product} {ergonomic}
   size_t G1HeapRegionSize                         = 1048576                                   {product} {ergonomic}
    uintx GCDrainStackTargetSize                   = 64                                        {product} {ergonomic}
   size_t InitialHeapSize                          = 67108864                                  {product} {ergonomic}
   size_t MarkStackSize                            = 4194304                                   {product} {ergonomic}
   size_t MaxHeapSize                              = 1044381696                                {product} {ergonomic}
   size_t MaxNewSize                               = 625999872                                 {product} {ergonomic}
   size_t MinHeapDeltaBytes                        = 1048576                                   {product} {ergonomic}
    uintx NonNMethodCodeHeapSize                   = 5830092                                {pd product} {ergonomic}
    uintx NonProfiledCodeHeapSize                  = 122914074                              {pd product} {ergonomic}
    uintx ProfiledCodeHeapSize                     = 122914074                              {pd product} {ergonomic}
    uintx ReservedCodeCacheSize                    = 251658240                              {pd product} {ergonomic}
     bool SegmentedCodeCache                       = true                                      {product} {ergonomic}
     bool UseCompressedClassPointers               = true                                 {lp64_product} {ergonomic}
     bool UseCompressedOops                        = true                                 {lp64_product} {ergonomic}
     bool UseG1GC                                  = true                                      {product} {ergonomic}
     bool UseLargePagesIndividualAllocation        = false                                  {pd product} {ergonomic}

Logging:
Log output configuration:
 #0: stdout all=warning uptime,level,tags
 #1: stderr all=off uptime,level,tags

Environment Variables:
JAVA_HOME=C:\Program Files\Java\jdk-11.0.2\bin
PATH=C:/Program Files/Java/jdk-11.0.2/bin/server;C:/Program Files/Java/jdk-11.0.2/bin;C:\Windows\system32;C:\Windows;C:\Windows\System32\Wbem;C:\Windows\System32\WindowsPowerShell\v1.0\;C:\Windows\System32\OpenSSH\;C:\Program Files\Java\jdk-11.0.2\bin\bin;C:\Program Files\Microsoft SQL Server\110\Tools\Binn\;C:\Program Files (x86)\Microsoft SQL Server\110\Tools\Binn\;C:\Program Files\Microsoft SQL Server\110\DTS\Binn\;C:\Program Files (x86)\Microsoft SQL Server\110\Tools\Binn\ManagementStudio\;C:\Program Files (x86)\Microsoft Visual Studio 10.0\Common7\IDE\PrivateAssemblies\;C:\Program Files (x86)\Microsoft SQL Server\110\DTS\Binn\;C:\Program Files\Java\jdk-11.0.2\bin;C:\eclipse-jee-2018-12-R-win32-x86_64\eclipse;
USERNAME=PANKAJ
OS=Windows_NT
PROCESSOR_IDENTIFIER=Intel64 Family 6 Model 142 Stepping 9, GenuineIntel



---------------  S Y S T E M  ---------------

OS: Windows 10 , 64 bit Build 17763 (10.0.17763.379)

CPU:total 4 (initial active 4) (2 cores per cpu, 2 threads per core) family 6 model 142 stepping 9, cmov, cx8, fxsr, mmx, sse, sse2, sse3, ssse3, sse4.1, sse4.2, popcnt, avx, avx2, aes, clmul, erms, 3dnowpref, lzcnt, ht, tsc, tscinvbit, bmi1, bmi2, adx, fma

Memory: 4k page, system-wide physical 3979M (505M free)
TotalPageFile size 9327M (AvailPageFile size 1573M)
current process WorkingSet (physical memory assigned to process): 30M, peak: 42M
current process commit charge ("private bytes"): 134M, peak: 137M

vm_info: Java HotSpot(TM) 64-Bit Server VM (11.0.2+9-LTS) for windows-amd64 JRE (11.0.2+9-LTS), built on Jan 18 2019 05:24:10 by "mach5one" with MS VC++ 15.5 (VS2017)

END.
