#
# A fatal error has been detected by the Java Runtime Environment:
#
#  Internal Error (t:/workspace/open/src/hotspot/share/oops/generateOopMap.cpp:2164), pid=10288, tid=7332
#  fatal error: Illegal class file encountered. Try running with -Xverify:all in method main
#
# JRE version: Java(TM) SE Runtime Environment (11.0.2+9) (build 11.0.2+9-LTS)
# Java VM: Java HotSpot(TM) 64-Bit Server VM (11.0.2+9-LTS, mixed mode, tiered, compressed oops, g1 gc, windows-amd64)
# No core dump will be written. Minidumps are not enabled by default on client versions of Windows
#
# If you would like to submit a bug report, please visit:
#   http://bugreport.java.com/bugreport/crash.jsp
#

---------------  S U M M A R Y ------------

Command Line: -agentlib:jdwp=transport=dt_socket,suspend=y,address=localhost:53236 -javaagent:C:\eclipse-jee-2018-12-R-win32-x86_64\eclipse\configuration\org.eclipse.osgi\405\0\.cp\lib\javaagent-shaded.jar -Dfile.encoding=Cp1252 Programs.LargestString

Host: Intel(R) Core(TM) i3-7020U CPU @ 2.30GHz, 4 cores, 3G,  Windows 10 , 64 bit Build 17763 (10.0.17763.379)
Time: Wed Apr 24 11:00:52 2019 India Standard Time elapsed time: 750 seconds (0d 0h 12m 30s)

---------------  T H R E A D  ---------------

Current thread (0x000001cf9df9b000):  VMThread "VM Thread" [stack: 0x00000080a1c00000,0x00000080a1d00000] [id=7332]

Stack: [0x00000080a1c00000,0x00000080a1d00000]
[error occurred during error reporting (printing stack bounds), id 0xc0000005, EXCEPTION_ACCESS_VIOLATION (0xc0000005) at pc=0x000001cf89680bad]

Native frames: (J=compiled Java code, j=interpreted, Vv=VM code, C=native code)
V  [jvm.dll+0x63574a]
V  [jvm.dll+0x77326f]
V  [jvm.dll+0x77491a]
V  [jvm.dll+0x774f35]
V  [jvm.dll+0x774eeb]
V  [jvm.dll+0x634e56]
V  [jvm.dll+0x635218]
C  [ntdll.dll+0xa468f]
C  [ntdll.dll+0x4bef]
C  [ntdll.dll+0xa33fe]
C  0x000001cf89680bad

VM_Operation (0x00000080a25ff080): GetOrSetLocal, mode: safepoint, requested by thread 0x000001cf9e3b5000


---------------  P R O C E S S  ---------------

Threads class SMR info:
_java_thread_list=0x000001cf9e3dc180, length=13, elements={
0x000001cfffb98800, 0x000001cf9df9f000, 0x000001cf9dfcc800, 0x000001cf9dfe0800,
0x000001cf9dfe1800, 0x000001cf9dfe8800, 0x000001cf9e032800, 0x000001cf9e03c800,
0x000001cf9df56800, 0x000001cf9e3b5000, 0x000001cf9e3f2000, 0x000001cf9e3f7800,
0x000001cf9e3de000
}

Java Threads: ( => current thread )
  0x000001cfffb98800 JavaThread "main" [_thread_blocked, id=11336, stack(0x00000080a1600000,0x00000080a1700000)]
  0x000001cf9df9f000 JavaThread "Reference Handler" daemon [_thread_blocked, id=10656, stack(0x00000080a1d00000,0x00000080a1e00000)]
  0x000001cf9dfcc800 JavaThread "Finalizer" daemon [_thread_blocked, id=10324, stack(0x00000080a1e00000,0x00000080a1f00000)]
  0x000001cf9dfe0800 JavaThread "Signal Dispatcher" daemon [_thread_blocked, id=2304, stack(0x00000080a1f00000,0x00000080a2000000)]
  0x000001cf9dfe1800 JavaThread "Attach Listener" daemon [_thread_blocked, id=13384, stack(0x00000080a2000000,0x00000080a2100000)]
  0x000001cf9dfe8800 JavaThread "C2 CompilerThread0" daemon [_thread_blocked, id=6492, stack(0x00000080a2100000,0x00000080a2200000)]
  0x000001cf9e032800 JavaThread "C1 CompilerThread0" daemon [_thread_blocked, id=11136, stack(0x00000080a2200000,0x00000080a2300000)]
  0x000001cf9e03c800 JavaThread "Sweeper thread" daemon [_thread_blocked, id=14832, stack(0x00000080a2300000,0x00000080a2400000)]
  0x000001cf9df56800 JavaThread "Common-Cleaner" daemon [_thread_blocked, id=8760, stack(0x00000080a2400000,0x00000080a2500000)]
  0x000001cf9e3b5000 JavaThread "JDWP Transport Listener: dt_socket" daemon [_thread_blocked, id=7800, stack(0x00000080a2500000,0x00000080a2600000)] _threads_hazard_ptr=0x000001cf9e3dc180
  0x000001cf9e3f2000 JavaThread "JDWP Event Helper Thread" daemon [_thread_blocked, id=9252, stack(0x00000080a2600000,0x00000080a2700000)]
  0x000001cf9e3f7800 JavaThread "JDWP Command Reader" daemon [_thread_in_native, id=8844, stack(0x00000080a2700000,0x00000080a2800000)]
  0x000001cf9e3de000 JavaThread "Service Thread" daemon [_thread_blocked, id=15128, stack(0x00000080a2800000,0x00000080a2900000)]

Other Threads:
=>0x000001cf9df9b000 VMThread "VM Thread" [stack: 0x00000080a1c00000,0x00000080a1d00000] [id=7332]
  0x000001cf9e4f3800 WatcherThread [stack: 0x00000080a2900000,0x00000080a2a00000] [id=18124]
  0x000001cfffbaf800 GCTaskThread "GC Thread#0" [stack: 0x00000080a1700000,0x00000080a1800000] [id=14412]
  0x000001cfffbca800 ConcurrentGCThread "G1 Main Marker" [stack: 0x00000080a1800000,0x00000080a1900000] [id=15272]
  0x000001cfffbcd800 ConcurrentGCThread "G1 Conc#0" [stack: 0x00000080a1900000,0x00000080a1a00000] [id=13608]
  0x000001cfffc21000 ConcurrentGCThread "G1 Refine#0" [stack: 0x00000080a1a00000,0x00000080a1b00000] [id=4568]
  0x000001cfffc25000 ConcurrentGCThread "G1 Young RemSet Sampling" [stack: 0x00000080a1b00000,0x00000080a1c00000] [id=2992]

Threads with active compile tasks:

VM state:at safepoint (normal execution)

VM Mutex/Monitor currently owned by a thread:  ([mutex/lock_event])
[0x000001cfffb96680] Threads_lock - owner thread: 0x000001cf9df9b000

Heap address: 0x00000000c1c00000, size: 996 MB, Compressed Oops mode: 32-bit
Narrow klass base: 0x0000000000000000, Narrow klass shift: 3
Compressed class space size: 1073741824 Address: 0x0000000100000000

Heap:
 garbage-first heap   total 65536K, used 4096K [0x00000000c1c00000, 0x0000000100000000)
  region size 1024K, 5 young (5120K), 0 survivors (0K)
 Metaspace       used 8726K, capacity 8866K, committed 9088K, reserved 1056768K
  class space    used 763K, capacity 802K, committed 896K, reserved 1048576K
Heap Regions: E=young(eden), S=young(survivor), O=old, HS=humongous(starts), HC=humongous(continues), CS=collection set, F=free, A=archive, TAMS=top-at-mark-start (previous, next)
|   0|0x00000000c1c00000, 0x00000000c1c00000, 0x00000000c1d00000|  0%| F|  |TAMS 0x00000000c1c00000, 0x00000000c1c00000| Untracked 
|   1|0x00000000c1d00000, 0x00000000c1d00000, 0x00000000c1e00000|  0%| F|  |TAMS 0x00000000c1d00000, 0x00000000c1d00000| Untracked 
|   2|0x00000000c1e00000, 0x00000000c1e00000, 0x00000000c1f00000|  0%| F|  |TAMS 0x00000000c1e00000, 0x00000000c1e00000| Untracked 
|   3|0x00000000c1f00000, 0x00000000c1f00000, 0x00000000c2000000|  0%| F|  |TAMS 0x00000000c1f00000, 0x00000000c1f00000| Untracked 
|   4|0x00000000c2000000, 0x00000000c2000000, 0x00000000c2100000|  0%| F|  |TAMS 0x00000000c2000000, 0x00000000c2000000| Untracked 
|   5|0x00000000c2100000, 0x00000000c2100000, 0x00000000c2200000|  0%| F|  |TAMS 0x00000000c2100000, 0x00000000c2100000| Untracked 
|   6|0x00000000c2200000, 0x00000000c2200000, 0x00000000c2300000|  0%| F|  |TAMS 0x00000000c2200000, 0x00000000c2200000| Untracked 
|   7|0x00000000c2300000, 0x00000000c2300000, 0x00000000c2400000|  0%| F|  |TAMS 0x00000000c2300000, 0x00000000c2300000| Untracked 
|   8|0x00000000c2400000, 0x00000000c2400000, 0x00000000c2500000|  0%| F|  |TAMS 0x00000000c2400000, 0x00000000c2400000| Untracked 
|   9|0x00000000c2500000, 0x00000000c2500000, 0x00000000c2600000|  0%| F|  |TAMS 0x00000000c2500000, 0x00000000c2500000| Untracked 
|  10|0x00000000c2600000, 0x00000000c2600000, 0x00000000c2700000|  0%| F|  |TAMS 0x00000000c2600000, 0x00000000c2600000| Untracked 
|  11|0x00000000c2700000, 0x00000000c2700000, 0x00000000c2800000|  0%| F|  |TAMS 0x00000000c2700000, 0x00000000c2700000| Untracked 
|  12|0x00000000c2800000, 0x00000000c2800000, 0x00000000c2900000|  0%| F|  |TAMS 0x00000000c2800000, 0x00000000c2800000| Untracked 
|  13|0x00000000c2900000, 0x00000000c2900000, 0x00000000c2a00000|  0%| F|  |TAMS 0x00000000c2900000, 0x00000000c2900000| Untracked 
|  14|0x00000000c2a00000, 0x00000000c2a00000, 0x00000000c2b00000|  0%| F|  |TAMS 0x00000000c2a00000, 0x00000000c2a00000| Untracked 
|  15|0x00000000c2b00000, 0x00000000c2b00000, 0x00000000c2c00000|  0%| F|  |TAMS 0x00000000c2b00000, 0x00000000c2b00000| Untracked 
|  16|0x00000000c2c00000, 0x00000000c2c00000, 0x00000000c2d00000|  0%| F|  |TAMS 0x00000000c2c00000, 0x00000000c2c00000| Untracked 
|  17|0x00000000c2d00000, 0x00000000c2d00000, 0x00000000c2e00000|  0%| F|  |TAMS 0x00000000c2d00000, 0x00000000c2d00000| Untracked 
|  18|0x00000000c2e00000, 0x00000000c2e00000, 0x00000000c2f00000|  0%| F|  |TAMS 0x00000000c2e00000, 0x00000000c2e00000| Untracked 
|  19|0x00000000c2f00000, 0x00000000c2f00000, 0x00000000c3000000|  0%| F|  |TAMS 0x00000000c2f00000, 0x00000000c2f00000| Untracked 
|  20|0x00000000c3000000, 0x00000000c3000000, 0x00000000c3100000|  0%| F|  |TAMS 0x00000000c3000000, 0x00000000c3000000| Untracked 
|  21|0x00000000c3100000, 0x00000000c3100000, 0x00000000c3200000|  0%| F|  |TAMS 0x00000000c3100000, 0x00000000c3100000| Untracked 
|  22|0x00000000c3200000, 0x00000000c3200000, 0x00000000c3300000|  0%| F|  |TAMS 0x00000000c3200000, 0x00000000c3200000| Untracked 
|  23|0x00000000c3300000, 0x00000000c3300000, 0x00000000c3400000|  0%| F|  |TAMS 0x00000000c3300000, 0x00000000c3300000| Untracked 
|  24|0x00000000c3400000, 0x00000000c3400000, 0x00000000c3500000|  0%| F|  |TAMS 0x00000000c3400000, 0x00000000c3400000| Untracked 
|  25|0x00000000c3500000, 0x00000000c3500000, 0x00000000c3600000|  0%| F|  |TAMS 0x00000000c3500000, 0x00000000c3500000| Untracked 
|  26|0x00000000c3600000, 0x00000000c3600000, 0x00000000c3700000|  0%| F|  |TAMS 0x00000000c3600000, 0x00000000c3600000| Untracked 
|  27|0x00000000c3700000, 0x00000000c3700000, 0x00000000c3800000|  0%| F|  |TAMS 0x00000000c3700000, 0x00000000c3700000| Untracked 
|  28|0x00000000c3800000, 0x00000000c3800000, 0x00000000c3900000|  0%| F|  |TAMS 0x00000000c3800000, 0x00000000c3800000| Untracked 
|  29|0x00000000c3900000, 0x00000000c3900000, 0x00000000c3a00000|  0%| F|  |TAMS 0x00000000c3900000, 0x00000000c3900000| Untracked 
|  30|0x00000000c3a00000, 0x00000000c3a00000, 0x00000000c3b00000|  0%| F|  |TAMS 0x00000000c3a00000, 0x00000000c3a00000| Untracked 
|  31|0x00000000c3b00000, 0x00000000c3b00000, 0x00000000c3c00000|  0%| F|  |TAMS 0x00000000c3b00000, 0x00000000c3b00000| Untracked 
|  32|0x00000000c3c00000, 0x00000000c3c00000, 0x00000000c3d00000|  0%| F|  |TAMS 0x00000000c3c00000, 0x00000000c3c00000| Untracked 
|  33|0x00000000c3d00000, 0x00000000c3d00000, 0x00000000c3e00000|  0%| F|  |TAMS 0x00000000c3d00000, 0x00000000c3d00000| Untracked 
|  34|0x00000000c3e00000, 0x00000000c3e00000, 0x00000000c3f00000|  0%| F|  |TAMS 0x00000000c3e00000, 0x00000000c3e00000| Untracked 
|  35|0x00000000c3f00000, 0x00000000c3f00000, 0x00000000c4000000|  0%| F|  |TAMS 0x00000000c3f00000, 0x00000000c3f00000| Untracked 
|  36|0x00000000c4000000, 0x00000000c4000000, 0x00000000c4100000|  0%| F|  |TAMS 0x00000000c4000000, 0x00000000c4000000| Untracked 
|  37|0x00000000c4100000, 0x00000000c4100000, 0x00000000c4200000|  0%| F|  |TAMS 0x00000000c4100000, 0x00000000c4100000| Untracked 
|  38|0x00000000c4200000, 0x00000000c4200000, 0x00000000c4300000|  0%| F|  |TAMS 0x00000000c4200000, 0x00000000c4200000| Untracked 
|  39|0x00000000c4300000, 0x00000000c4300000, 0x00000000c4400000|  0%| F|  |TAMS 0x00000000c4300000, 0x00000000c4300000| Untracked 
|  40|0x00000000c4400000, 0x00000000c4400000, 0x00000000c4500000|  0%| F|  |TAMS 0x00000000c4400000, 0x00000000c4400000| Untracked 
|  41|0x00000000c4500000, 0x00000000c4500000, 0x00000000c4600000|  0%| F|  |TAMS 0x00000000c4500000, 0x00000000c4500000| Untracked 
|  42|0x00000000c4600000, 0x00000000c4600000, 0x00000000c4700000|  0%| F|  |TAMS 0x00000000c4600000, 0x00000000c4600000| Untracked 
|  43|0x00000000c4700000, 0x00000000c4700000, 0x00000000c4800000|  0%| F|  |TAMS 0x00000000c4700000, 0x00000000c4700000| Untracked 
|  44|0x00000000c4800000, 0x00000000c4800000, 0x00000000c4900000|  0%| F|  |TAMS 0x00000000c4800000, 0x00000000c4800000| Untracked 
|  45|0x00000000c4900000, 0x00000000c4900000, 0x00000000c4a00000|  0%| F|  |TAMS 0x00000000c4900000, 0x00000000c4900000| Untracked 
|  46|0x00000000c4a00000, 0x00000000c4a00000, 0x00000000c4b00000|  0%| F|  |TAMS 0x00000000c4a00000, 0x00000000c4a00000| Untracked 
|  47|0x00000000c4b00000, 0x00000000c4b00000, 0x00000000c4c00000|  0%| F|  |TAMS 0x00000000c4b00000, 0x00000000c4b00000| Untracked 
|  48|0x00000000c4c00000, 0x00000000c4c00000, 0x00000000c4d00000|  0%| F|  |TAMS 0x00000000c4c00000, 0x00000000c4c00000| Untracked 
|  49|0x00000000c4d00000, 0x00000000c4d00000, 0x00000000c4e00000|  0%| F|  |TAMS 0x00000000c4d00000, 0x00000000c4d00000| Untracked 
|  50|0x00000000c4e00000, 0x00000000c4e00000, 0x00000000c4f00000|  0%| F|  |TAMS 0x00000000c4e00000, 0x00000000c4e00000| Untracked 
|  51|0x00000000c4f00000, 0x00000000c4f00000, 0x00000000c5000000|  0%| F|  |TAMS 0x00000000c4f00000, 0x00000000c4f00000| Untracked 
|  52|0x00000000c5000000, 0x00000000c5000000, 0x00000000c5100000|  0%| F|  |TAMS 0x00000000c5000000, 0x00000000c5000000| Untracked 
|  53|0x00000000c5100000, 0x00000000c5100000, 0x00000000c5200000|  0%| F|  |TAMS 0x00000000c5100000, 0x00000000c5100000| Untracked 
|  54|0x00000000c5200000, 0x00000000c5200000, 0x00000000c5300000|  0%| F|  |TAMS 0x00000000c5200000, 0x00000000c5200000| Untracked 
|  55|0x00000000c5300000, 0x00000000c5300000, 0x00000000c5400000|  0%| F|  |TAMS 0x00000000c5300000, 0x00000000c5300000| Untracked 
|  56|0x00000000c5400000, 0x00000000c5400000, 0x00000000c5500000|  0%| F|  |TAMS 0x00000000c5400000, 0x00000000c5400000| Untracked 
|  57|0x00000000c5500000, 0x00000000c5500000, 0x00000000c5600000|  0%| F|  |TAMS 0x00000000c5500000, 0x00000000c5500000| Untracked 
|  58|0x00000000c5600000, 0x00000000c5600000, 0x00000000c5700000|  0%| F|  |TAMS 0x00000000c5600000, 0x00000000c5600000| Untracked 
|  59|0x00000000c5700000, 0x00000000c5790f48, 0x00000000c5800000| 56%| E|  |TAMS 0x00000000c5700000, 0x00000000c5700000| Complete 
|  60|0x00000000c5800000, 0x00000000c5900000, 0x00000000c5900000|100%| E|CS|TAMS 0x00000000c5800000, 0x00000000c5800000| Complete 
|  61|0x00000000c5900000, 0x00000000c5a00000, 0x00000000c5a00000|100%| E|CS|TAMS 0x00000000c5900000, 0x00000000c5900000| Complete 
|  62|0x00000000c5a00000, 0x00000000c5b00000, 0x00000000c5b00000|100%| E|CS|TAMS 0x00000000c5a00000, 0x00000000c5a00000| Complete 
|  63|0x00000000c5b00000, 0x00000000c5c00000, 0x00000000c5c00000|100%| E|CS|TAMS 0x00000000c5b00000, 0x00000000c5b00000| Complete 

Card table byte_map: [0x000001cf98eb0000,0x000001cf990b0000] _byte_map_base: 0x000001cf988a2000

Marking Bits (Prev, Next): (CMBitMap*) 0x000001cfffbc5b78, (CMBitMap*) 0x000001cfffbc5bb0
 Prev Bits: [0x000001cf992b0000, 0x000001cf9a240000)
 Next Bits: [0x000001cf9a240000, 0x000001cf9b1d0000)

Polling page: 0x000001cf81410000

Metaspace:

Usage:
  Non-class:      7.88 MB capacity,     7.78 MB ( 99%) used,    93.74 KB (  1%) free+waste,     6.38 KB ( <1%) overhead. 
      Class:    802.00 KB capacity,   763.05 KB ( 95%) used,    36.52 KB (  5%) free+waste,     2.44 KB ( <1%) overhead. 
       Both:      8.66 MB capacity,     8.52 MB ( 98%) used,   130.26 KB (  1%) free+waste,     8.81 KB ( <1%) overhead. 

Virtual space:
  Non-class space:        8.00 MB reserved,       8.00 MB (100%) committed 
      Class space:        1.00 GB reserved,     896.00 KB ( <1%) committed 
             Both:        1.01 GB reserved,       8.88 MB ( <1%) committed 

Chunk freelists:
   Non-Class:  0 bytes
       Class:  3.75 KB
        Both:  3.75 KB

CodeHeap 'non-profiled nmethods': size=120064Kb used=116Kb max_used=116Kb free=119947Kb
 bounds [0x000001cf91140000, 0x000001cf913b0000, 0x000001cf98680000]
CodeHeap 'profiled nmethods': size=120000Kb used=518Kb max_used=518Kb free=119481Kb
 bounds [0x000001cf89c10000, 0x000001cf89e80000, 0x000001cf91140000]
CodeHeap 'non-nmethods': size=5696Kb used=1146Kb max_used=1160Kb free=4549Kb
 bounds [0x000001cf89680000, 0x000001cf898f0000, 0x000001cf89c10000]
 total_blobs=847 nmethods=380 adapters=276
 compilation: enabled
              stopped_count=0, restarted_count=0
 full_count=0

Compilation events (10 events):
Event: 164.476 Thread 0x000001cf9e032800  376       3       org.eclipse.jdt.launching.internal.org.objectweb.asm.SymbolTable$Entry::<init> (17 bytes)
Event: 164.476 Thread 0x000001cf9e032800 nmethod 376 0x000001cf89c8eb10 code [0x000001cf89c8ece0, 0x000001cf89c8eed0]
Event: 164.476 Thread 0x000001cf9e032800  377       3       org.eclipse.jdt.launching.internal.org.objectweb.asm.SymbolTable::put (150 bytes)
Event: 164.477 Thread 0x000001cf9e032800 nmethod 377 0x000001cf89c8ef90 code [0x000001cf89c8f1a0, 0x000001cf89c8fa58]
Event: 164.477 Thread 0x000001cf9e032800  378       3       org.eclipse.jdt.launching.internal.org.objectweb.asm.SymbolTable::addConstantUtf8 (98 bytes)
Event: 164.481 Thread 0x000001cf9e032800 nmethod 378 0x000001cf89c8fd90 code [0x000001cf89c8ffe0, 0x000001cf89c906e0]
Event: 244.646 Thread 0x000001cf9e032800  379       3       org.eclipse.jdt.launching.internal.org.objectweb.asm.ClassReader::readUtf (44 bytes)
Event: 244.646 Thread 0x000001cf9e032800 nmethod 379 0x000001cf89c90a90 code [0x000001cf89c90c80, 0x000001cf89c91170]
Event: 244.647 Thread 0x000001cf9e032800  380       3       org.eclipse.jdt.launching.internal.org.objectweb.asm.Symbol::<init> (38 bytes)
Event: 244.647 Thread 0x000001cf9e032800 nmethod 380 0x000001cf89c91410 code [0x000001cf89c915e0, 0x000001cf89c918d8]

GC Heap History (0 events):
No events

Deoptimization events (1 events):
Event: 0.499 Thread 0x000001cfffb98800 Uncommon trap: reason=unstable_if action=reinterpret pc=0x000001cf91146078 method=java.lang.String.isLatin1()Z @ 10 c2

Classes redefined (4 events):
Event: 63.063 Thread 0x000001cf9df9b000 redefined class name=Programs.LargestString, count=1
Event: 140.361 Thread 0x000001cf9df9b000 redefined class name=Programs.LargestString, count=2
Event: 164.479 Thread 0x000001cf9df9b000 redefined class name=Programs.LargestString, count=3
Event: 244.649 Thread 0x000001cf9df9b000 redefined class name=Programs.LargestString, count=4

Internal exceptions (0 events):
No events

Events (10 events):
Event: 747.772 Executing VM operation: GetCurrentContendedMonitor done
Event: 747.772 Executing VM operation: GetOwnedMonitorInfo
Event: 747.772 Executing VM operation: GetOwnedMonitorInfo done
Event: 747.772 Executing VM operation: GetCurrentContendedMonitor
Event: 747.772 Executing VM operation: GetCurrentContendedMonitor done
Event: 747.773 Executing VM operation: GetCurrentContendedMonitor
Event: 747.773 Executing VM operation: GetCurrentContendedMonitor done
Event: 747.773 Executing VM operation: GetOwnedMonitorInfo
Event: 747.773 Executing VM operation: GetOwnedMonitorInfo done
Event: 750.567 Executing VM operation: GetOrSetLocal


Dynamic libraries:
0x00007ff6dca30000 - 0x00007ff6dca77000 	C:\Program Files\Java\jdk-11.0.2\bin\javaw.exe
0x00007ff84ab10000 - 0x00007ff84acfd000 	C:\Windows\SYSTEM32\ntdll.dll
0x00007ff84a9b0000 - 0x00007ff84aa63000 	C:\Windows\System32\KERNEL32.DLL
0x00007ff847640000 - 0x00007ff8478d3000 	C:\Windows\System32\KERNELBASE.dll
0x00007ff84a3d0000 - 0x00007ff84a473000 	C:\Windows\System32\ADVAPI32.dll
0x00007ff84a310000 - 0x00007ff84a3ae000 	C:\Windows\System32\msvcrt.dll
0x00007ff848540000 - 0x00007ff8485de000 	C:\Windows\System32\sechost.dll
0x00007ff848270000 - 0x00007ff848392000 	C:\Windows\System32\RPCRT4.dll
0x00007ff8483a0000 - 0x00007ff848537000 	C:\Windows\System32\USER32.dll
0x00007ff846be0000 - 0x00007ff846c00000 	C:\Windows\System32\win32u.dll
0x00007ff8485e0000 - 0x00007ff848609000 	C:\Windows\System32\GDI32.dll
0x00007ff847470000 - 0x00007ff84760a000 	C:\Windows\System32\gdi32full.dll
0x00007ff847ac0000 - 0x00007ff847b60000 	C:\Windows\System32\msvcp_win.dll
0x00007ff847350000 - 0x00007ff84744a000 	C:\Windows\System32\ucrtbase.dll
0x00007ff83e250000 - 0x00007ff83e4c9000 	C:\Windows\WinSxS\amd64_microsoft.windows.common-controls_6595b64144ccf1df_6.0.17763.379_none_05b83be8071c94a1\COMCTL32.dll
0x00007ff83fb20000 - 0x00007ff83fb2a000 	C:\Windows\SYSTEM32\VERSION.dll
0x00007ff849e00000 - 0x00007ff84a12d000 	C:\Windows\System32\combase.dll
0x00007ff8478e0000 - 0x00007ff84795e000 	C:\Windows\System32\bcryptPrimitives.dll
0x00007ff84a660000 - 0x00007ff84a68e000 	C:\Windows\System32\IMM32.DLL
0x00007ff8406e0000 - 0x00007ff8406f6000 	C:\Program Files\Java\jdk-11.0.2\bin\vcruntime140.dll
0x00007ff840750000 - 0x00007ff8407fa000 	C:\Program Files\Java\jdk-11.0.2\bin\msvcp140.dll
0x00007fffee2c0000 - 0x00007fffeede7000 	C:\Program Files\Java\jdk-11.0.2\bin\server\jvm.dll
0x00007ff84a870000 - 0x00007ff84a878000 	C:\Windows\System32\PSAPI.DLL
0x00007ff843a80000 - 0x00007ff843a89000 	C:\Windows\SYSTEM32\WSOCK32.dll
0x00007ff84a2a0000 - 0x00007ff84a30d000 	C:\Windows\System32\WS2_32.dll
0x00007ff844840000 - 0x00007ff844864000 	C:\Windows\SYSTEM32\WINMM.dll
0x00007ff844810000 - 0x00007ff84483d000 	C:\Windows\SYSTEM32\WINMMBASE.dll
0x00007ff847a10000 - 0x00007ff847a5a000 	C:\Windows\System32\cfgmgr32.dll
0x00007ff846b10000 - 0x00007ff846b21000 	C:\Windows\System32\kernel.appcore.dll
0x00007ff8406c0000 - 0x00007ff8406d1000 	C:\Program Files\Java\jdk-11.0.2\bin\verify.dll
0x00007ff8453e0000 - 0x00007ff8455cd000 	C:\Windows\SYSTEM32\DBGHELP.DLL
0x00007ff833640000 - 0x00007ff83366a000 	C:\Windows\SYSTEM32\dbgcore.DLL
0x00007ff837840000 - 0x00007ff837869000 	C:\Program Files\Java\jdk-11.0.2\bin\java.dll
0x00007ff8408c0000 - 0x00007ff8408f7000 	C:\Program Files\Java\jdk-11.0.2\bin\jdwp.dll
0x00007ff8420b0000 - 0x00007ff8420df000 	C:\Program Files\Java\jdk-11.0.2\bin\instrument.dll
0x00007ff8378e0000 - 0x00007ff8378f6000 	C:\Program Files\Java\jdk-11.0.2\bin\zip.dll
0x00007ff843a70000 - 0x00007ff843a7a000 	C:\Program Files\Java\jdk-11.0.2\bin\jimage.dll
0x00007ff848620000 - 0x00007ff849b10000 	C:\Windows\System32\SHELL32.dll
0x00007ff84a5b0000 - 0x00007ff84a658000 	C:\Windows\System32\shcore.dll
0x00007ff846c00000 - 0x00007ff84734a000 	C:\Windows\System32\windows.storage.dll
0x00007ff846b30000 - 0x00007ff846b54000 	C:\Windows\System32\profapi.dll
0x00007ff846b60000 - 0x00007ff846bbd000 	C:\Windows\System32\powrprof.dll
0x00007ff84a880000 - 0x00007ff84a8d2000 	C:\Windows\System32\shlwapi.dll
0x00007ff847450000 - 0x00007ff847467000 	C:\Windows\System32\cryptsp.dll
0x00007ff844900000 - 0x00007ff84490a000 	C:\Program Files\Java\jdk-11.0.2\bin\dt_socket.dll
0x00007ff846330000 - 0x00007ff846397000 	C:\Windows\System32\mswsock.dll
0x00007ff8460d0000 - 0x00007ff846196000 	C:\Windows\SYSTEM32\DNSAPI.dll
0x00007ff84aad0000 - 0x00007ff84aad8000 	C:\Windows\System32\NSI.dll
0x00007ff846090000 - 0x00007ff8460cd000 	C:\Windows\SYSTEM32\IPHLPAPI.DLL
0x00007ff836f60000 - 0x00007ff836fd9000 	C:\Windows\System32\fwpuclnt.dll
0x00007ff847610000 - 0x00007ff847636000 	C:\Windows\System32\bcrypt.dll
0x00007ff835970000 - 0x00007ff83597a000 	C:\Windows\System32\rasadhlp.dll
0x00007ff837820000 - 0x00007ff837839000 	C:\Program Files\Java\jdk-11.0.2\bin\net.dll
0x00007ff836ff0000 - 0x00007ff8370e1000 	C:\Windows\SYSTEM32\WINHTTP.dll
0x00007ff83d750000 - 0x00007ff83d926000 	C:\Windows\SYSTEM32\urlmon.dll
0x00007ff83dae0000 - 0x00007ff83dd88000 	C:\Windows\SYSTEM32\iertutil.dll
0x00007ff846500000 - 0x00007ff84650c000 	C:\Windows\SYSTEM32\CRYPTBASE.DLL
0x00007ff82ac00000 - 0x00007ff82ac13000 	C:\Program Files\Java\jdk-11.0.2\bin\nio.dll

dbghelp: loaded successfully - version: 4.0.5 - missing functions: none
symbol engine: initialized successfully - sym options: 0x614 - pdb path: .;C:\Program Files\Java\jdk-11.0.2\bin;C:\Windows\SYSTEM32;C:\Windows\WinSxS\amd64_microsoft.windows.common-controls_6595b64144ccf1df_6.0.17763.379_none_05b83be8071c94a1;C:\Program Files\Java\jdk-11.0.2\bin\server

VM Arguments:
jvm_args: -agentlib:jdwp=transport=dt_socket,suspend=y,address=localhost:53236 -javaagent:C:\eclipse-jee-2018-12-R-win32-x86_64\eclipse\configuration\org.eclipse.osgi\405\0\.cp\lib\javaagent-shaded.jar -Dfile.encoding=Cp1252 
java_command: Programs.LargestString
java_class_path (initial): E:\test\SampleWS\test\CS\bin
Launcher Type: SUN_STANDARD

[Global flags]
     intx CICompilerCount                          = 3                                         {product} {ergonomic}
     uint ConcGCThreads                            = 1                                         {product} {ergonomic}
     uint G1ConcRefinementThreads                  = 4                                         {product} {ergonomic}
   size_t G1HeapRegionSize                         = 1048576                                   {product} {ergonomic}
    uintx GCDrainStackTargetSize                   = 64                                        {product} {ergonomic}
   size_t InitialHeapSize                          = 67108864                                  {product} {ergonomic}
   size_t MarkStackSize                            = 4194304                                   {product} {ergonomic}
   size_t MaxHeapSize                              = 1044381696                                {product} {ergonomic}
   size_t MaxNewSize                               = 625999872                                 {product} {ergonomic}
   size_t MinHeapDeltaBytes                        = 1048576                                   {product} {ergonomic}
    uintx NonNMethodCodeHeapSize                   = 5830092                                {pd product} {ergonomic}
    uintx NonProfiledCodeHeapSize                  = 122914074                              {pd product} {ergonomic}
    uintx ProfiledCodeHeapSize                     = 122914074                              {pd product} {ergonomic}
    uintx ReservedCodeCacheSize                    = 251658240                              {pd product} {ergonomic}
     bool SegmentedCodeCache                       = true                                      {product} {ergonomic}
     bool UseCompressedClassPointers               = true                                 {lp64_product} {ergonomic}
     bool UseCompressedOops                        = true                                 {lp64_product} {ergonomic}
     bool UseG1GC                                  = true                                      {product} {ergonomic}
     bool UseLargePagesIndividualAllocation        = false                                  {pd product} {ergonomic}

Logging:
Log output configuration:
 #0: stdout all=warning uptime,level,tags
 #1: stderr all=off uptime,level,tags

Environment Variables:
JAVA_HOME=C:\Program Files\Java\jdk-11.0.2
PATH=C:/Program Files/Java/jdk-11.0.2/bin/server;C:/Program Files/Java/jdk-11.0.2/bin;C:\Windows\system32;C:\Windows;C:\Windows\System32\Wbem;C:\Windows\System32\WindowsPowerShell\v1.0\;C:\Windows\System32\OpenSSH\;C:\Program Files\Java\jdk-11.0.2\bin\bin;C:\Program Files\Microsoft SQL Server\110\Tools\Binn\;C:\Program Files (x86)\Microsoft SQL Server\110\Tools\Binn\;C:\Program Files\Microsoft SQL Server\110\DTS\Binn\;C:\Program Files (x86)\Microsoft SQL Server\110\Tools\Binn\ManagementStudio\;C:\Program Files (x86)\Microsoft Visual Studio 10.0\Common7\IDE\PrivateAssemblies\;C:\Program Files (x86)\Microsoft SQL Server\110\DTS\Binn\;C:\Program Files\Java\jdk-11.0.2\bin;C:\eclipse-jee-2018-12-R-win32-x86_64\eclipse;
USERNAME=PANKAJ
OS=Windows_NT
PROCESSOR_IDENTIFIER=Intel64 Family 6 Model 142 Stepping 9, GenuineIntel



---------------  S Y S T E M  ---------------

OS: Windows 10 , 64 bit Build 17763 (10.0.17763.379)

CPU:total 4 (initial active 4) (2 cores per cpu, 2 threads per core) family 6 model 142 stepping 9, cmov, cx8, fxsr, mmx, sse, sse2, sse3, ssse3, sse4.1, sse4.2, popcnt, avx, avx2, aes, clmul, erms, 3dnowpref, lzcnt, ht, tsc, tscinvbit, bmi1, bmi2, adx, fma

Memory: 4k page, system-wide physical 3979M (655M free)
TotalPageFile size 9614M (AvailPageFile size 4060M)
current process WorkingSet (physical memory assigned to process): 40M, peak: 42M
current process commit charge ("private bytes"): 134M, peak: 137M

vm_info: Java HotSpot(TM) 64-Bit Server VM (11.0.2+9-LTS) for windows-amd64 JRE (11.0.2+9-LTS), built on Jan 18 2019 05:24:10 by "mach5one" with MS VC++ 15.5 (VS2017)

END.
